2020-10-09 18:03:16.666  INFO 13140 --- [main] com.tpw.newday.NewdayApplication         : Starting NewdayApplication on BF-20190319DBXF with PID 13140 (E:\web\source\zhaocaifeng\newday\target\classes started by Administrator in E:\web\source\zhaocaifeng\newday)
2020-10-09 18:03:16.668  INFO 13140 --- [main] com.tpw.newday.NewdayApplication         : No active profile set, falling back to default profiles: default
2020-10-09 18:03:17.086  INFO 13140 --- [main] .s.d.r.c.RepositoryConfigurationDelegate : Bootstrapping Spring Data JPA repositories in DEFAULT mode.
2020-10-09 18:03:17.166  INFO 13140 --- [main] .s.d.r.c.RepositoryConfigurationDelegate : Finished Spring Data repository scanning in 40ms. Found 1 JPA repository interfaces.
2020-10-09 18:03:17.166  INFO 13140 --- [main] .s.d.r.c.RepositoryConfigurationDelegate : Bootstrapping Spring Data JPA repositories in DEFAULT mode.
2020-10-09 18:03:17.175  INFO 13140 --- [main] .s.d.r.c.RepositoryConfigurationDelegate : Finished Spring Data repository scanning in 8ms. Found 1 JPA repository interfaces.
2020-10-09 18:03:17.761  INFO 13140 --- [main] o.s.b.w.embedded.tomcat.TomcatWebServer  : Tomcat initialized with port(s): 8110 (http)
2020-10-09 18:03:17.771  INFO 13140 --- [main] o.apache.catalina.core.StandardService   : Starting service [Tomcat]
2020-10-09 18:03:17.771  INFO 13140 --- [main] org.apache.catalina.core.StandardEngine  : Starting Servlet engine: [Apache Tomcat/9.0.38]
2020-10-09 18:03:17.967  INFO 13140 --- [main] o.a.c.c.C.[Tomcat].[localhost].[/]       : Initializing Spring embedded WebApplicationContext
2020-10-09 18:03:17.967  INFO 13140 --- [main] w.s.c.ServletWebServerApplicationContext : Root WebApplicationContext: initialization completed in 1265 ms
2020-10-09 18:03:18.266  INFO 13140 --- [main] o.hibernate.jpa.internal.util.LogHelper  : HHH000204: Processing PersistenceUnitInfo [name: secPersistenceUnit]
2020-10-09 18:03:18.305  INFO 13140 --- [main] org.hibernate.Version                    : HHH000412: Hibernate ORM core version 5.4.21.Final
2020-10-09 18:03:18.416  INFO 13140 --- [main] o.hibernate.annotations.common.Version   : HCANN000001: Hibernate Commons Annotations {5.1.0.Final}
2020-10-09 18:03:18.536  INFO 13140 --- [main] com.zaxxer.hikari.HikariDataSource       : HikariPool-1 - Starting...
2020-10-09 18:03:18.700  INFO 13140 --- [main] com.zaxxer.hikari.HikariDataSource       : HikariPool-1 - Start completed.
2020-10-09 18:03:18.714  INFO 13140 --- [main] org.hibernate.dialect.Dialect            : HHH000400: Using dialect: org.hibernate.dialect.MySQL55Dialect
2020-10-09 18:03:19.159  INFO 13140 --- [main] o.h.e.t.j.p.i.JtaPlatformInitiator       : HHH000490: Using JtaPlatform implementation: [org.hibernate.engine.transaction.jta.platform.internal.NoJtaPlatform]
2020-10-09 18:03:19.167  INFO 13140 --- [main] j.LocalContainerEntityManagerFactoryBean : Initialized JPA EntityManagerFactory for persistence unit 'secPersistenceUnit'
2020-10-09 18:03:19.192  INFO 13140 --- [main] o.hibernate.jpa.internal.util.LogHelper  : HHH000204: Processing PersistenceUnitInfo [name: secondaryPersistenceUnit]
2020-10-09 18:03:19.198  INFO 13140 --- [main] com.zaxxer.hikari.HikariDataSource       : HikariPool-2 - Starting...
2020-10-09 18:03:19.203  INFO 13140 --- [main] com.zaxxer.hikari.HikariDataSource       : HikariPool-2 - Start completed.
2020-10-09 18:03:19.203  INFO 13140 --- [main] org.hibernate.dialect.Dialect            : HHH000400: Using dialect: org.hibernate.dialect.MySQL57Dialect
2020-10-09 18:03:19.237  INFO 13140 --- [main] o.h.e.t.j.p.i.JtaPlatformInitiator       : HHH000490: Using JtaPlatform implementation: [org.hibernate.engine.transaction.jta.platform.internal.NoJtaPlatform]
2020-10-09 18:03:19.238  INFO 13140 --- [main] j.LocalContainerEntityManagerFactoryBean : Initialized JPA EntityManagerFactory for persistence unit 'secondaryPersistenceUnit'
2020-10-09 18:03:19.666  WARN 13140 --- [main] JpaBaseConfiguration$JpaWebConfiguration : spring.jpa.open-in-view is enabled by default. Therefore, database queries may be performed during view rendering. Explicitly configure spring.jpa.open-in-view to disable this warning
2020-10-09 18:03:19.764  INFO 13140 --- [main] o.s.s.concurrent.ThreadPoolTaskExecutor  : Initializing ExecutorService 'applicationTaskExecutor'
2020-10-09 18:03:19.977  INFO 13140 --- [main] o.apache.phoenix.shaded.org.mortbay.log  : Logging to Logger[org.apache.phoenix.shaded.org.mortbay.log] via org.apache.phoenix.shaded.org.mortbay.log.Slf4jLog
2020-10-09 18:03:19.988  INFO 13140 --- [main] o.s.b.w.embedded.tomcat.TomcatWebServer  : Tomcat started on port(s): 8110 (http) with context path ''
2020-10-09 18:03:19.997  INFO 13140 --- [main] com.tpw.newday.NewdayApplication         : Started NewdayApplication in 3.923 seconds (JVM running for 4.835)
2020-10-09 18:03:30.531  INFO 13140 --- [http-nio-8110-exec-1] o.a.c.c.C.[Tomcat].[localhost].[/]       : Initializing Spring DispatcherServlet 'dispatcherServlet'
2020-10-09 18:03:30.532  INFO 13140 --- [http-nio-8110-exec-1] o.s.web.servlet.DispatcherServlet        : Initializing Servlet 'dispatcherServlet'
2020-10-09 18:03:30.537  INFO 13140 --- [http-nio-8110-exec-1] o.s.web.servlet.DispatcherServlet        : Completed initialization in 5 ms
2020-10-09 18:03:30.565  INFO 13140 --- [http-nio-8110-exec-1] c.t.n.controller.UserMingXiController    :  start
2020-10-09 18:03:30.634  INFO 13140 --- [http-nio-8110-exec-2] c.t.n.controller.UserMingXiController    :  start
2020-10-09 18:03:30.635 TRACE 13140 --- [http-nio-8110-exec-1] o.h.type.descriptor.sql.BasicBinder      : binding parameter [1] as [INTEGER] - [198707343]
2020-10-09 18:03:30.641 TRACE 13140 --- [http-nio-8110-exec-2] o.h.type.descriptor.sql.BasicBinder      : binding parameter [1] as [INTEGER] - [198707343]
2020-10-09 18:03:30.811  INFO 13140 --- [http-nio-8110-exec-3] c.t.n.controller.UserMingXiController    :  start
2020-10-09 18:03:30.818 TRACE 13140 --- [http-nio-8110-exec-3] o.h.type.descriptor.sql.BasicBinder      : binding parameter [1] as [INTEGER] - [198707343]
2020-10-09 18:03:31.542 TRACE 13140 --- [http-nio-8110-exec-4] o.h.type.descriptor.sql.BasicBinder      : binding parameter [1] as [VARCHAR] - [1709121331320000]
2020-10-09 18:03:31.698 TRACE 13140 --- [http-nio-8110-exec-5] o.h.type.descriptor.sql.BasicBinder      : binding parameter [1] as [VARCHAR] - [1709121331320000]
2020-10-09 18:03:31.867 TRACE 13140 --- [http-nio-8110-exec-6] o.h.type.descriptor.sql.BasicBinder      : binding parameter [1] as [VARCHAR] - [1709121331320000]
